app/build/outputs/mapping/release/seeds.txt
il.co.idocare.Constants$HttpHeader: il.co.idocare.Constants$HttpHeader[] values()
il.co.idocare.Constants$HttpHeader: il.co.idocare.Constants$HttpHeader valueOf(java.lang.String)
il.co.idocare.Constants$StartActivityTag: il.co.idocare.Constants$StartActivityTag[] values()
il.co.idocare.Constants$StartActivityTag: il.co.idocare.Constants$StartActivityTag valueOf(java.lang.String)
il.co.idocare.R$array: int nav_drawer_entries
il.co.idocare.R$array: int nav_drawer_icons
il.co.idocare.R$attr: int cameraBearing
il.co.idocare.R$attr: int cameraTargetLat
il.co.idocare.R$attr: int cameraTargetLng
il.co.idocare.R$attr: int cameraTilt
il.co.idocare.R$attr: int cameraZoom
il.co.idocare.R$attr: int circleCrop
il.co.idocare.R$attr: int com_facebook_auxiliary_view_position
il.co.idocare.R$attr: int com_facebook_confirm_logout
il.co.idocare.R$attr: int com_facebook_foreground_color
il.co.idocare.R$attr: int com_facebook_horizontal_alignment
il.co.idocare.R$attr: int com_facebook_is_cropped
il.co.idocare.R$attr: int com_facebook_login_text
il.co.idocare.R$attr: int com_facebook_logout_text
il.co.idocare.R$attr: int com_facebook_object_id
il.co.idocare.R$attr: int com_facebook_object_type
il.co.idocare.R$attr: int com_facebook_preset_size
il.co.idocare.R$attr: int com_facebook_style
il.co.idocare.R$attr: int com_facebook_tooltip_mode
il.co.idocare.R$attr: int imageAspectRatio
il.co.idocare.R$attr: int imageAspectRatioAdjust
il.co.idocare.R$attr: int liteMode
il.co.idocare.R$attr: int mapType
il.co.idocare.R$attr: int uiCompass
il.co.idocare.R$attr: int uiMapToolbar
il.co.idocare.R$attr: int uiRotateGestures
il.co.idocare.R$attr: int uiScrollGestures
il.co.idocare.R$attr: int uiTiltGestures
il.co.idocare.R$attr: int uiZoomControls
il.co.idocare.R$attr: int uiZoomGestures
il.co.idocare.R$attr: int useViewLifecycle
il.co.idocare.R$attr: int zOrderOnTop
il.co.idocare.R$color: int closed_request_color
il.co.idocare.R$color: int com_facebook_blue
il.co.idocare.R$color: int com_facebook_button_background_color
il.co.idocare.R$color: int com_facebook_button_background_color_disabled
il.co.idocare.R$color: int com_facebook_button_background_color_pressed
il.co.idocare.R$color: int com_facebook_button_like_background_color_selected
il.co.idocare.R$color: int com_facebook_button_login_silver_background_color
il.co.idocare.R$color: int com_facebook_button_login_silver_background_color_pressed
il.co.idocare.R$color: int com_facebook_button_send_background_color
il.co.idocare.R$color: int com_facebook_button_send_background_color_pressed
il.co.idocare.R$color: int com_facebook_likeboxcountview_border_color
il.co.idocare.R$color: int com_facebook_likeboxcountview_text_color
il.co.idocare.R$color: int com_facebook_likeview_text_color
il.co.idocare.R$color: int com_facebook_share_button_text_color
il.co.idocare.R$color: int common_action_bar_splitter
il.co.idocare.R$color: int common_signin_btn_dark_text_default
il.co.idocare.R$color: int common_signin_btn_dark_text_disabled
il.co.idocare.R$color: int common_signin_btn_dark_text_focused
il.co.idocare.R$color: int common_signin_btn_dark_text_pressed
il.co.idocare.R$color: int common_signin_btn_default_background
il.co.idocare.R$color: int common_signin_btn_light_text_default
il.co.idocare.R$color: int common_signin_btn_light_text_disabled
...
android.support.v4.app.BackStackState
android.support.v4.app.BackStackState: android.os.Parcelable$Creator CREATOR
android.support.v4.app.Fragment$SavedState
android.support.v4.app.Fragment$SavedState: android.os.Parcelable$Creator CREATOR
android.support.v4.app.FragmentActivity: FragmentActivity()
android.support.v4.app.FragmentManagerState
android.support.v4.app.FragmentManagerState: android.os.Parcelable$Creator CREATOR
android.support.v4.app.FragmentState
android.support.v4.app.FragmentState: android.os.Parcelable$Creator CREATOR
android.support.v4.app.FragmentTabHost: void setOnTabChangedListener(android.widget.TabHost$OnTabChangeListener)
android.support.v4.app.FragmentTabHost$SavedState
android.support.v4.app.FragmentTabHost$SavedState: android.os.Parcelable$Creator CREATOR
android.support.v4.content.ModernAsyncTask$Status: android.support.v4.content.ModernAsyncTask$Status[] values()
android.support.v4.content.ModernAsyncTask$Status: android.support.v4.content.ModernAsyncTask$Status valueOf(java.lang.String)
android.support.v4.media.MediaDescriptionCompat
android.support.v4.media.MediaDescriptionCompat: android.os.Parcelable$Creator CREATOR
android.support.v4.media.MediaMetadataCompat
android.support.v4.media.MediaMetadataCompat: android.os.Parcelable$Creator CREATOR
android.support.v4.media.RatingCompat
android.support.v4.media.RatingCompat: android.os.Parcelable$Creator CREATOR
android.support.v4.media.session.MediaSessionCompat$QueueItem
android.support.v4.media.session.MediaSessionCompat$QueueItem: android.os.Parcelable$Creator CREATOR
android.support.v4.media.session.MediaSessionCompat$ResultReceiverWrapper
android.support.v4.media.session.MediaSessionCompat$ResultReceiverWrapper: android.os.Parcelable$Creator CREATOR
android.support.v4.media.session.MediaSessionCompat$Token
android.support.v4.media.session.MediaSessionCompat$Token: android.os.Parcelable$Creator CREATOR
android.support.v4.media.session.ParcelableVolumeInfo
android.support.v4.media.session.ParcelableVolumeInfo: android.os.Parcelable$Creator CREATOR
android.support.v4.media.session.PlaybackStateCompat
android.support.v4.media.session.PlaybackStateCompat: android.os.Parcelable$Creator CREATOR
android.support.v4.media.session.PlaybackStateCompat$CustomAction
android.support.v4.media.session.PlaybackStateCompat$CustomAction: android.os.Parcelable$Creator CREATOR
android.support.v4.view.PagerTabStrip: void setTabIndicatorColor(int)
android.support.v4.view.PagerTabStrip: void setTabIndicatorColorResource(int)
android.support.v4.view.PagerTabStrip: int getTabIndicatorColor()
android.support.v4.view.PagerTabStrip: void setTextSpacing(int)
android.support.v4.view.PagerTabStrip: void setBackgroundDrawable(android.graphics.drawable.Drawable)
android.support.v4.view.PagerTabStrip: void setBackgroundColor(int)
android.support.v4.view.PagerTabStrip: void setBackgroundResource(int)
android.support.v4.view.PagerTabStrip: void setDrawFullUnderline(boolean)
android.support.v4.view.PagerTabStrip: boolean getDrawFullUnderline()
android.support.v4.view.PagerTabStrip: int getMinHeight()
android.support.v4.view.PagerTitleStrip: void setSingleLineAllCaps(android.widget.TextView)
android.support.v4.view.PagerTitleStrip: void setTextSpacing(int)
android.support.v4.view.PagerTitleStrip: int getTextSpacing()
android.support.v4.view.PagerTitleStrip: void setNonPrimaryAlpha(float)
android.support.v4.view.PagerTitleStrip: void setTextColor(int)
android.support.v4.view.PagerTitleStrip: void setGravity(int)
android.support.v4.view.PagerTitleStrip: int getMinHeight()