app/build/outputs/mapping/release/mapping.txt
il.co.idocare.Constants -> il.co.idocare.a:
    com.nostra13.universalimageloader.core.DisplayImageOptions DEFAULT_DISPLAY_IMAGE_OPTIONS -> a
il.co.idocare.Constants$HttpHeader -> il.co.idocare.b:
    il.co.idocare.Constants$HttpHeader USER_USERNAME -> a
    il.co.idocare.Constants$HttpHeader USER_ID -> b
    il.co.idocare.Constants$HttpHeader USER_TOKEN -> c
    il.co.idocare.Constants$HttpHeader USER_TIMESTAMP -> d
    java.lang.String mValue -> e
    il.co.idocare.Constants$HttpHeader[] $VALUES -> f
    133:133:il.co.idocare.Constants$HttpHeader[] values() -> values
    133:133:il.co.idocare.Constants$HttpHeader valueOf(java.lang.String) -> valueOf
    144:144:java.lang.String getValue() -> a
il.co.idocare.Constants$StartActivityTag -> il.co.idocare.c:
    il.co.idocare.Constants$StartActivityTag CAPTURE_PICTURE -> a
    il.co.idocare.Constants$StartActivityTag[] $VALUES -> b
    98:98:il.co.idocare.Constants$StartActivityTag[] values() -> values
    98:98:il.co.idocare.Constants$StartActivityTag valueOf(java.lang.String) -> valueOf
il.co.idocare.authentication.AccountAuthenticator -> il.co.idocare.a.a:
    java.lang.String LOG_TAG -> a
    android.content.Context mContext -> b
    52:58:android.os.Bundle addAccount(android.accounts.AccountAuthenticatorResponse,java.lang.String,java.lang.String,java.lang.String[],android.os.Bundle) -> addAccount
    69:118:android.os.Bundle getAuthToken(android.accounts.AccountAuthenticatorResponse,android.accounts.Account,java.lang.String,android.os.Bundle) -> getAuthToken
    126:129:java.lang.String getAuthTokenLabel(java.lang.String) -> getAuthTokenLabel
    136:138:android.os.Bundle hasFeatures(android.accounts.AccountAuthenticatorResponse,android.accounts.Account,java.lang.String[]) -> hasFeatures
    143:143:android.os.Bundle editProperties(android.accounts.AccountAuthenticatorResponse,java.lang.String) -> editProperties
    147:147:android.os.Bundle confirmCredentials(android.accounts.AccountAuthenticatorResponse,android.accounts.Account,android.os.Bundle) -> confirmCredentials
    152:152:android.os.Bundle updateCredentials(android.accounts.AccountAuthenticatorResponse,android.accounts.Account,java.lang.String,android.os.Bundle) -> updateCredentials
il.co.idocare.authentication.UserStateManager -> il.co.idocare.a.b:
    java.lang.String KEY_ERROR_MSG -> a
    java.lang.String LOG_TAG -> b
    android.content.Context mContext -> c
    android.accounts.AccountManager mAccountManager -> d
    67:67:boolean isLoggedIn() -> a
    82:83:boolean isLoggedInWithFacebook() -> b
    88:88:boolean isLoggedInNative() -> c
    105:151:android.os.Bundle logInNative(java.lang.String,java.lang.String) -> a
    163:211:void addNativeAccount(android.os.Bundle) -> a
    215:217:void setNativeAccountAuthToken(java.lang.String,java.lang.String,java.lang.String) -> a
    231:293:boolean addFacebookAccount(com.facebook.AccessToken) -> a
    303:350:android.os.Bundle signUpNative(java.lang.String,java.lang.String,java.lang.String,java.lang.String,java.lang.String,java.lang.String) -> a
    358:396:void logOut() -> d
    406:412:void setLoginSkipped(boolean) -> a
    431:446:android.os.Bundle handleResponse(ch.boye.httpclientandroidlib.client.methods.CloseableHttpResponse,il.co.idocare.networking.responsehandlers.ServerHttpResponseHandler) -> a
    455:469:void checkForCommonErrors(android.os.Bundle) -> b
    477:494:android.accounts.Account getActiveAccount() -> e
    503:508:java.lang.String getActiveAccountUserId() -> f
    544:549:byte[] toBytes(java.lang.String) -> a
    40:40:android.accounts.AccountManager access$000(il.co.idocare.authentication.UserStateManager) -> a
    40:40:java.lang.String access$100() -> g
il.co.idocare.authentication.UserStateManager$1 -> il.co.idocare.a.c:
    android.accounts.Account val$finalAccount -> a
    il.co.idocare.authentication.UserStateManager this$0 -> b
    202:203:void run() -> run
...
com.facebook.login.LoginManager$FragmentStartActivityDelegate -> com.facebook.login.w:
    android.support.v4.app.Fragment fragment -> a
    543:544:void startActivityForResult(android.content.Intent,int) -> a
    548:548:android.app.Activity getActivityContext() -> a
com.facebook.login.LoginMethodHandler -> com.facebook.login.LoginMethodHandler:
    java.util.Map methodLoggingExtras -> a
    com.facebook.login.LoginClient loginClient -> b
    65:69:void setLoginClient(com.facebook.login.LoginClient) -> a
    boolean tryAuthorize(com.facebook.login.LoginClient$Request) -> a
    java.lang.String getNameForLogging() -> a
    76:76:boolean onActivityResult(int,int,android.content.Intent) -> a
    80:80:boolean needsInternetPermission() -> c
    84:84:void cancel() -> b
    87:91:void addLoggingExtra(java.lang.String,java.lang.Object) -> a
    94:105:void logWebLoginCompleted(java.lang.String) -> a
    111:122:com.facebook.AccessToken createAccessTokenFromNativeLogin(android.os.Bundle,com.facebook.AccessTokenSource,java.lang.String) -> a
    138:162:com.facebook.AccessToken createAccessTokenFromWebBundle(java.util.Collection,android.os.Bundle,com.facebook.AccessTokenSource,java.lang.String) -> a
    175:191:java.lang.String getUserIDFromSignedRequest(java.lang.String) -> b
    196:197:void writeToParcel(android.os.Parcel,int) -> writeToParcel
com.facebook.login.LoginResult -> com.facebook.login.x:
    com.facebook.AccessToken accessToken -> a
    java.util.Set recentlyGrantedPermissions -> b
    java.util.Set recentlyDeniedPermissions -> c
    56:56:com.facebook.AccessToken getAccessToken() -> a
    64:64:java.util.Set getRecentlyGrantedPermissions() -> b
com.facebook.login.StartActivityDelegate -> com.facebook.login.y:
    void startActivityForResult(android.content.Intent,int) -> a
    android.app.Activity getActivityContext() -> a
com.facebook.login.WebViewLoginMethodHandler -> com.facebook.login.WebViewLoginMethodHandler:
    com.facebook.internal.WebDialog loginDialog -> c
    java.lang.String e2e -> d
    android.os.Parcelable$Creator CREATOR -> CREATOR
    60:60:java.lang.String getNameForLogging() -> a
    65:65:boolean needsInternetPermission() -> c
    70:74:void cancel() -> b
    78:135:boolean tryAuthorize(com.facebook.login.LoginClient$Request) -> a
    141:197:void onWebDialogComplete(com.facebook.login.LoginClient$Request,android.os.Bundle,com.facebook.FacebookException) -> a
    200:207:void saveCookieToken(java.lang.String) -> b
    210:214:java.lang.String loadCookieToken() -> d
    268:268:int describeContents() -> describeContents
    273:275:void writeToParcel(android.os.Parcel,int) -> writeToParcel
com.facebook.login.WebViewLoginMethodHandler$1 -> com.facebook.login.z:
    com.facebook.login.LoginClient$Request val$request -> a
    com.facebook.login.WebViewLoginMethodHandler this$0 -> b
    112:113:void onComplete(android.os.Bundle,com.facebook.FacebookException) -> a
com.facebook.login.WebViewLoginMethodHandler$2 -> com.facebook.login.aa:
    282:282:com.facebook.login.WebViewLoginMethodHandler createFromParcel(android.os.Parcel) -> a
    287:287:com.facebook.login.WebViewLoginMethodHandler[] newArray(int) -> a
    278:278:java.lang.Object[] newArray(int) -> newArray
    278:278:java.lang.Object createFromParcel(android.os.Parcel) -> createFromParcel
com.facebook.login.WebViewLoginMethodHandler$AuthDialogBuilder -> com.facebook.login.ab:
    java.lang.String e2e -> a
    boolean isRerequest -> b
    228:229:com.facebook.login.WebViewLoginMethodHandler$AuthDialogBuilder setE2E(java.lang.String) -> a
    233:234:com.facebook.login.WebViewLoginMethodHandler$AuthDialogBuilder setIsRerequest(boolean) -> a
    239:257:com.facebook.internal.WebDialog build() -> a