app/build/outputs/mapping/release/usage.txt
il.co.idocare.BuildConfig
il.co.idocare.Constants:
    public static final java.lang.String PICTURES_LIST_SEPARATOR
    public static final int REQUEST_CODE_LOGIN
    private static final java.lang.String DEV_ROOT_URL
    private static final java.lang.String QA_ROOT_URL
    public static final java.lang.String ROOT_URL
    public static final java.lang.String SIGN_UP_NATIVE_URL
    public static final java.lang.String LOG_IN_NATIVE_URL
    public static final java.lang.String GET_NATIVE_USER_DATA_URL
    public static final java.lang.String GET_ALL_REQUESTS_URL
    public static final java.lang.String GET_REQUEST_DATA_URL
    public static final java.lang.String GET_ALL_ARTICLES_URL
    public static final java.lang.String FIELD_NAME_INTERNAL_STATUS
    public static final java.lang.String FIELD_NAME_RESPONSE_MESSAGE
    public static final java.lang.String FIELD_NAME_RESPONSE_DATA
    public static final java.lang.String FIELD_NAME_USER_ID
    public static final java.lang.String FIELD_NAME_USER_EMAIL
    public static final java.lang.String FIELD_NAME_USER_NICKNAME
    public static final java.lang.String FIELD_NAME_USER_FIRST_NAME
    public static final java.lang.String FIELD_NAME_USER_LAST_NAME
    public static final java.lang.String FIELD_NAME_USER_REPUTATION
    public static final java.lang.String FIELD_NAME_USER_PICTURE
    public static final java.lang.String FIELD_NAME_USER_PASSWORD_LOGIN
    public static final java.lang.String FIELD_NAME_USER_PASSWORD_SIGNUP
il.co.idocare.Constants$HttpHeader:
    private static final java.lang.String PREFIX
il.co.idocare.R
il.co.idocare.R$array
il.co.idocare.R$attr
il.co.idocare.R$color
il.co.idocare.R$dimen
il.co.idocare.R$drawable
il.co.idocare.R$id
il.co.idocare.R$integer
il.co.idocare.R$layout
il.co.idocare.R$menu
il.co.idocare.R$string
il.co.idocare.R$style
il.co.idocare.R$styleable
il.co.idocare.R$xml
il.co.idocare.authentication.AccountAuthenticator:
    public static final java.lang.String DUMMY_ACCOUNT_NAME
    public static final java.lang.String DUMMY_ACCOUNT_AUTH_TOKEN
    public static final java.lang.String ACCOUNT_TYPE_DEFAULT
    public static final java.lang.String AUTH_TOKEN_TYPE_DEFAULT
il.co.idocare.authentication.UserStateManager:
    415:417:public boolean isLoginSkipped()
    520:525:public java.lang.String getActiveAccountAuthToken()
il.co.idocare.contentproviders.IDoCareContentProvider:
    private static final int REQUESTS_LIST
    private static final int REQUEST_ID
    private static final int USERS_LIST
    private static final int USER_ID
    private static final int UNIQUE_USER_IDS
    private static final int USER_ACTIONS_LIST
    private static final int USER_ACTION_ID
    private static final int TEMP_ID_MAPPINGS_LIST
    private static final int TEMP_ID_MAPPING_ID
il.co.idocare.contentproviders.IDoCareContract:
    public static final java.lang.String AUTHORITY
    public static final java.lang.String SELECTION_ID_BASED
    12:257:public IDoCareContract()
...
com.google.android.gms.internal.zzr
com.google.android.gms.internal.zzr$zza
com.google.android.gms.internal.zzr$zza$zza
com.google.android.gms.internal.zztc
com.google.android.gms.internal.zztd
com.google.android.gms.internal.zztd$zza
com.google.android.gms.internal.zzte
com.google.android.gms.internal.zzte$zza
com.google.android.gms.internal.zzte$zza$zza
com.google.android.gms.internal.zztf:
    public varargs zztf(long,java.lang.String,byte[],java.lang.String[])
    private static varargs android.os.Bundle zze(java.lang.String[])
com.google.android.gms.internal.zztg
com.google.android.gms.internal.zztg$1
com.google.android.gms.internal.zztg$zza
com.google.android.gms.internal.zzti
com.google.android.gms.internal.zztj:
    public zztj(java.lang.String,int,int,java.lang.String,java.lang.String,boolean)
com.google.android.gms.internal.zztl
com.google.android.gms.internal.zzus$zza:
    public com.google.android.gms.internal.zzus$zza zza(java.lang.String,com.google.android.gms.common.api.GoogleApiClient$ServerAuthCodeCallbacks)
    private java.lang.String zzcH(java.lang.String)
com.google.android.gms.internal.zzwo
com.google.android.gms.internal.zzwq
com.google.android.gms.internal.zzwr
com.google.android.gms.internal.zzwr$zza
com.google.android.gms.internal.zzws
com.google.android.gms.internal.zzwt
com.google.android.gms.internal.zzwu
com.google.android.gms.internal.zzwv
com.google.android.gms.internal.zzww
com.google.android.gms.internal.zzwx
com.google.android.gms.internal.zzwy
com.google.android.gms.internal.zzwz
com.google.android.gms.internal.zzxa
com.google.android.gms.internal.zzxb
com.google.android.gms.internal.zzxf
com.google.android.gms.internal.zzxf$zza
com.google.android.gms.internal.zzxf$zzb
com.google.android.gms.internal.zzxf$zzc
com.google.android.gms.internal.zzxf$zzd
com.google.android.gms.internal.zzxf$zze
com.google.android.gms.location.ActivityRecognition
com.google.android.gms.location.ActivityRecognition$1
com.google.android.gms.location.ActivityRecognition$zza
com.google.android.gms.location.ActivityRecognitionApi
com.google.android.gms.location.ActivityRecognitionResult:
    public static final java.lang.String EXTRA_ACTIVITY_RESULT
    public ActivityRecognitionResult(java.util.List,long,long)
    public ActivityRecognitionResult(com.google.android.gms.location.DetectedActivity,long,long)
    public static boolean hasResult(android.content.Intent)
    public static com.google.android.gms.location.ActivityRecognitionResult extractResult(android.content.Intent)
    public com.google.android.gms.location.DetectedActivity getMostProbableActivity()
    public int getActivityConfidence(int)
    public java.util.List getProbableActivities()
    public long getTime()
    public long getElapsedRealtimeMillis()
com.google.android.gms.location.ActivityRecognitionResultCreator:
    public static final int CONTENT_DESCRIPTION
com.google.android.gms.location.DetectedActivity:
    public static final int IN_VEHICLE
    public static final int ON_BICYCLE
    public static final int ON_FOOT
    public static final int STILL
    public static final int UNKNOWN
    public static final int TILTING
    public static final int WALKING
    public static final int RUNNING
    public DetectedActivity(int,int)
com.google.android.gms.location.DetectedActivityCreator:
    public static final int CONTENT_DESCRIPTION